Using pre-set license
Built from '2020.3/staging' branch; Version is '2020.3.20f1 (41c4e627c95f) revision 4310246'; Using compiler version '192528614'; Build Type 'Release'
OS: 'Windows 10 Home; OS build 19043.1237; Version 2009; 64bit' Language: 'en' Physical Memory: 16331 MB
BatchMode: 1, IsHumanControllingUs: 0, StartBugReporterOnCrash: 0, Is64bit: 1, IsPro: 0

COMMAND LINE ARGUMENTS:
C:\Program Files\Unity\Hub\Editor\2020.3.20f1\Editor\Unity.exe
-adb2
-batchMode
-noUpm
-name
AssetImportWorker0
-projectPath
C:/Personal Projects/Stardew Valley/Stardew Clone
-logFile
Logs/AssetImportWorker0.log
-srvPort
53419
Successfully changed project path to: C:/Personal Projects/Stardew Valley/Stardew Clone
C:/Personal Projects/Stardew Valley/Stardew Clone
Using Asset Import Pipeline V2.
Refreshing native plugins compatible for Editor in 89.17 ms, found 2 plugins.
Preloading 0 native plugins for Editor in 0.00 ms.
Initialize engine version: 2020.3.20f1 (41c4e627c95f)
[Subsystems] Discovering subsystems at path C:/Program Files/Unity/Hub/Editor/2020.3.20f1/Editor/Data/Resources/UnitySubsystems
[Subsystems] Discovering subsystems at path C:/Personal Projects/Stardew Valley/Stardew Clone/Assets
GfxDevice: creating device client; threaded=0
Direct3D:
    Version:  Direct3D 11.0 [level 11.1]
    Renderer: NVIDIA GeForce GTX 1070 Ti (ID=0x1b82)
    Vendor:   
    VRAM:     8079 MB
    Driver:   27.21.14.6647
Initialize mono
Mono path[0] = 'C:/Program Files/Unity/Hub/Editor/2020.3.20f1/Editor/Data/Managed'
Mono path[1] = 'C:/Program Files/Unity/Hub/Editor/2020.3.20f1/Editor/Data/MonoBleedingEdge/lib/mono/unityjit'
Mono config path = 'C:/Program Files/Unity/Hub/Editor/2020.3.20f1/Editor/Data/MonoBleedingEdge/etc'
Using monoOptions --debugger-agent=transport=dt_socket,embedding=1,server=y,suspend=n,address=127.0.0.1:56784
Begin MonoManager ReloadAssembly
Registering precompiled unity dll's ...
Register platform support module: C:/Program Files/Unity/Hub/Editor/2020.3.20f1/Editor/Data/PlaybackEngines/WindowsStandaloneSupport/UnityEditor.WindowsStandalone.Extensions.dll
Registered in 0.002699 seconds.
Native extension for WindowsStandalone target not found
Refreshing native plugins compatible for Editor in 68.67 ms, found 2 plugins.
Preloading 0 native plugins for Editor in 0.00 ms.
Mono: successfully reloaded assembly
- Completed reload, in  1.353 seconds
Domain Reload Profiling:
	ReloadAssembly (1354ms)
		BeginReloadAssembly (67ms)
			ExecutionOrderSort (0ms)
			DisableScriptedObjects (0ms)
			BackupInstance (0ms)
			ReleaseScriptingObjects (0ms)
			CreateAndSetChildDomain (1ms)
		EndReloadAssembly (491ms)
			LoadAssemblies (64ms)
			RebuildTransferFunctionScriptingTraits (0ms)
			SetupTypeCache (179ms)
			ReleaseScriptCaches (0ms)
			RebuildScriptCaches (32ms)
			SetupLoadedEditorAssemblies (200ms)
				LogAssemblyErrors (0ms)
				InitializePlatformSupportModulesInManaged (5ms)
				SetLoadedEditorAssemblies (0ms)
				RefreshPlugins (69ms)
				BeforeProcessingInitializeOnLoad (8ms)
				ProcessInitializeOnLoadAttributes (87ms)
				ProcessInitializeOnLoadMethodAttributes (31ms)
				AfterProcessingInitializeOnLoad (0ms)
				EditorAssembliesLoaded (0ms)
			ExecutionOrderSort2 (0ms)
			AwakeInstancesAfterBackupRestoration (0ms)
Platform modules already initialized, skipping
Registering precompiled user dll's ...
Registered in 0.006277 seconds.
Begin MonoManager ReloadAssembly
Native extension for WindowsStandalone target not found
Refreshing native plugins compatible for Editor in 0.86 ms, found 2 plugins.
Preloading 0 native plugins for Editor in 0.00 ms.
Mono: successfully reloaded assembly
- Completed reload, in  1.198 seconds
Domain Reload Profiling:
	ReloadAssembly (1199ms)
		BeginReloadAssembly (166ms)
			ExecutionOrderSort (0ms)
			DisableScriptedObjects (7ms)
			BackupInstance (0ms)
			ReleaseScriptingObjects (0ms)
			CreateAndSetChildDomain (25ms)
		EndReloadAssembly (958ms)
			LoadAssemblies (108ms)
			RebuildTransferFunctionScriptingTraits (0ms)
			SetupTypeCache (290ms)
			ReleaseScriptCaches (1ms)
			RebuildScriptCaches (47ms)
			SetupLoadedEditorAssemblies (406ms)
				LogAssemblyErrors (0ms)
				InitializePlatformSupportModulesInManaged (7ms)
				SetLoadedEditorAssemblies (0ms)
				RefreshPlugins (1ms)
				BeforeProcessingInitializeOnLoad (80ms)
				ProcessInitializeOnLoadAttributes (262ms)
				ProcessInitializeOnLoadMethodAttributes (46ms)
				AfterProcessingInitializeOnLoad (10ms)
				EditorAssembliesLoaded (0ms)
			ExecutionOrderSort2 (0ms)
			AwakeInstancesAfterBackupRestoration (7ms)
Platform modules already initialized, skipping
========================================================================
Worker process is ready to serve import requests
Launched and connected shader compiler UnityShaderCompiler.exe after 0.06 seconds
Refreshing native plugins compatible for Editor in 1.11 ms, found 2 plugins.
Preloading 0 native plugins for Editor in 0.00 ms.
Unloading 2008 Unused Serialized files (Serialized files now loaded: 0)
System memory in use before: 82.2 MB.
System memory in use after: 82.3 MB.

Unloading 56 unused Assets to reduce memory usage. Loaded Objects now: 2415.
Total: 7.033300 ms (FindLiveObjects: 0.222800 ms CreateObjectMapping: 0.054200 ms MarkObjects: 6.659700 ms  DeleteObjects: 0.095300 ms)

AssetImportParameters requested are different than current active one (requested -> active):
  custom:framework-win-MediaFoundation: 216162199b28c13a410421893ffa2e32 -> 
  custom:video-decoder-ogg-theora: a1e56fd34408186e4bbccfd4996cb3dc -> 
  custom:container-muxer-webm: aa71ff27fc2769a1b78a27578f13a17b -> 
  custom:container-demuxer-webm: 4f35f7cbe854078d1ac9338744f61a02 -> 
  custom:container-demuxer-ogg: 62fdf1f143b41e24485cea50d1cbac27 -> 
  custom:video-encoder-webm-vp8: eb34c28f22e8b96e1ab97ce403110664 -> 
  custom:video-decoder-webm-vp8: 9c59270c3fd7afecdb556c50c9e8de78 -> 
  custom:audio-decoder-ogg-vorbis: bf7c407c2cedff20999df2af8eb42d56 -> 
  custom:audio-encoder-webm-vorbis: bf7c407c2cedff20999df2af8eb42d56 -> 
========================================================================
Received Import Request.
  path: Assets/Prefabs/Dirt.prefab
  artifactKey: Guid(f3ce57004ba665d4eaef4b068b22029e) Importer(815301076,1909f56bfc062723c751e8b465ee728b)
Start importing Assets/Prefabs/Dirt.prefab using Guid(f3ce57004ba665d4eaef4b068b22029e) Importer(815301076,1909f56bfc062723c751e8b465ee728b)  -> (artifact id: '392b1127b3bcb9b4bd4a09779d402f2c') in 0.171968 seconds 
  Import took 0.175633 seconds .

========================================================================
Received Import Request.
  Time since last request: 0.000244 seconds.
  path: Assets/Prefabs/ItemSwing.prefab
  artifactKey: Guid(31627828a85f6f740a7b561feeca9d93) Importer(815301076,1909f56bfc062723c751e8b465ee728b)
Start importing Assets/Prefabs/ItemSwing.prefab using Guid(31627828a85f6f740a7b561feeca9d93) Importer(815301076,1909f56bfc062723c751e8b465ee728b)  -> (artifact id: '48d528c4aa3b6d4332bbaf4f99142bfb') in 0.020074 seconds 
  Import took 0.023636 seconds .

========================================================================
Received Import Request.
  Time since last request: 0.000162 seconds.
  path: Assets/Prefabs
  artifactKey: Guid(99d87de277a765244a38dda42d90fde1) Importer(815301076,1909f56bfc062723c751e8b465ee728b)
Start importing Assets/Prefabs using Guid(99d87de277a765244a38dda42d90fde1) Importer(815301076,1909f56bfc062723c751e8b465ee728b)  -> (artifact id: 'baf997d0df274da01be9e3462a70b7f1') in 0.007003 seconds 
  Import took 0.010031 seconds .

========================================================================
Received Import Request.
  Time since last request: 0.000224 seconds.
  path: Assets/Prefabs/Arrow.prefab
  artifactKey: Guid(d84e8e604bdfe7945af8cd857e21db06) Importer(815301076,1909f56bfc062723c751e8b465ee728b)
Start importing Assets/Prefabs/Arrow.prefab using Guid(d84e8e604bdfe7945af8cd857e21db06) Importer(815301076,1909f56bfc062723c751e8b465ee728b)  -> (artifact id: 'b4b94c0aa001cffc63f65e075a560060') in 0.015277 seconds 
  Import took 0.018982 seconds .

========================================================================
Received Import Request.
  Time since last request: 0.000320 seconds.
  path: Assets/Prefabs/Wall.prefab
  artifactKey: Guid(49d15d2fb83752a4d8d63f720c20bf8a) Importer(815301076,1909f56bfc062723c751e8b465ee728b)
Start importing Assets/Prefabs/Wall.prefab using Guid(49d15d2fb83752a4d8d63f720c20bf8a) Importer(815301076,1909f56bfc062723c751e8b465ee728b)  -> (artifact id: '4491c530b209bd9a4ddf4275e4e35252') in 0.014091 seconds 
  Import took 0.018165 seconds .

========================================================================
Received Import Request.
  Time since last request: 0.000169 seconds.
  path: Assets/Prefabs/Rabbit Hole.prefab
  artifactKey: Guid(b23de7d005ffdde428d314df7e8a11b1) Importer(815301076,1909f56bfc062723c751e8b465ee728b)
Start importing Assets/Prefabs/Rabbit Hole.prefab using Guid(b23de7d005ffdde428d314df7e8a11b1) Importer(815301076,1909f56bfc062723c751e8b465ee728b)  -> (artifact id: '806e47ae84fc4df5f9980f30c2dfbc97') in 0.013894 seconds 
  Import took 0.017132 seconds .

========================================================================
Received Import Request.
  Time since last request: 0.000178 seconds.
  path: Assets/Prefabs/Slot.prefab
  artifactKey: Guid(f934f3a2c97cd2a46a70539f09fbaf7e) Importer(815301076,1909f56bfc062723c751e8b465ee728b)
Start importing Assets/Prefabs/Slot.prefab using Guid(f934f3a2c97cd2a46a70539f09fbaf7e) Importer(815301076,1909f56bfc062723c751e8b465ee728b)  -> (artifact id: 'e35c17423765666e2d5b797823966724') in 0.022964 seconds 
  Import took 0.026132 seconds .

========================================================================
Received Import Request.
  Time since last request: 0.000168 seconds.
  path: Assets/Prefabs/Tree.prefab
  artifactKey: Guid(099a84a72a8a96943996f89d2683d625) Importer(815301076,1909f56bfc062723c751e8b465ee728b)
Start importing Assets/Prefabs/Tree.prefab using Guid(099a84a72a8a96943996f89d2683d625) Importer(815301076,1909f56bfc062723c751e8b465ee728b)  -> (artifact id: '348c4717f7d66968c23d883ccdff25e3') in 0.016765 seconds 
  Import took 0.020292 seconds .

========================================================================
Received Import Request.
  Time since last request: 0.000241 seconds.
  path: Assets/Prefabs/Door.prefab
  artifactKey: Guid(f7b3c0f4000c49346af0bd17da95817f) Importer(815301076,1909f56bfc062723c751e8b465ee728b)
Start importing Assets/Prefabs/Door.prefab using Guid(f7b3c0f4000c49346af0bd17da95817f) Importer(815301076,1909f56bfc062723c751e8b465ee728b)  -> (artifact id: '558b0c6f5424dc63c79d0616747341e6') in 0.015809 seconds 
  Import took 0.019542 seconds .

========================================================================
Received Import Request.
  Time since last request: 0.000233 seconds.
  path: Assets/Prefabs/Player.prefab
  artifactKey: Guid(ebd435c6c3973e8498408e68de1511c9) Importer(815301076,1909f56bfc062723c751e8b465ee728b)
Start importing Assets/Prefabs/Player.prefab using Guid(ebd435c6c3973e8498408e68de1511c9) Importer(815301076,1909f56bfc062723c751e8b465ee728b)  -> (artifact id: 'bbb455baf711a979893411800cbfd561') in 0.014084 seconds 
  Import took 0.017638 seconds .

========================================================================
Received Import Request.
  Time since last request: 0.000166 seconds.
  path: Assets/Prefabs/Rabbit.prefab
  artifactKey: Guid(8aebf861927f68048884dd179ecde9a3) Importer(815301076,1909f56bfc062723c751e8b465ee728b)
Start importing Assets/Prefabs/Rabbit.prefab using Guid(8aebf861927f68048884dd179ecde9a3) Importer(815301076,1909f56bfc062723c751e8b465ee728b)  -> (artifact id: '63dd86a099dd68c52dfe4600d7d3f3aa') in 0.016703 seconds 
  Import took 0.020073 seconds .

========================================================================
Received Import Request.
  Time since last request: 0.000206 seconds.
  path: Assets/Prefabs/Wheat.prefab
  artifactKey: Guid(20ec364a3b95d5c4ea3809ab301481e6) Importer(815301076,1909f56bfc062723c751e8b465ee728b)
Start importing Assets/Prefabs/Wheat.prefab using Guid(20ec364a3b95d5c4ea3809ab301481e6) Importer(815301076,1909f56bfc062723c751e8b465ee728b)  -> (artifact id: 'c1a263a23c255ce7af2240ad7016425e') in 0.014800 seconds 
  Import took 0.018401 seconds .

========================================================================
Received Import Request.
  Time since last request: 0.000174 seconds.
  path: Assets/Prefabs/AxeSwing.prefab
  artifactKey: Guid(3b05cb86d6124aa4c902e7e85824d96e) Importer(815301076,1909f56bfc062723c751e8b465ee728b)
Start importing Assets/Prefabs/AxeSwing.prefab using Guid(3b05cb86d6124aa4c902e7e85824d96e) Importer(815301076,1909f56bfc062723c751e8b465ee728b)  -> (artifact id: '1138715410eb5c125383ef58bf392f02') in 0.014500 seconds 
  Import took 0.017958 seconds .

========================================================================
Received Import Request.
  Time since last request: 0.000167 seconds.
  path: Assets/Prefabs/Exclamation Point.prefab
  artifactKey: Guid(f678c61f93331db448afa1791d50fe7c) Importer(815301076,1909f56bfc062723c751e8b465ee728b)
Start importing Assets/Prefabs/Exclamation Point.prefab using Guid(f678c61f93331db448afa1791d50fe7c) Importer(815301076,1909f56bfc062723c751e8b465ee728b)  -> (artifact id: '956875c32a5c3caba9419cab13e338aa') in 0.013569 seconds 
  Import took 0.016802 seconds .

========================================================================
Received Import Request.
  Time since last request: 0.000191 seconds.
  path: Assets/Prefabs/Berry Bush.prefab
  artifactKey: Guid(d7e52dd07ebb9bc4780901e2448440b8) Importer(815301076,1909f56bfc062723c751e8b465ee728b)
Start importing Assets/Prefabs/Berry Bush.prefab using Guid(d7e52dd07ebb9bc4780901e2448440b8) Importer(815301076,1909f56bfc062723c751e8b465ee728b)  -> (artifact id: 'a3a16ee7c8e6f78f47f922baab4db2a3') in 0.015546 seconds 
  Import took 0.018813 seconds .

========================================================================
Received Import Request.
  Time since last request: 0.000164 seconds.
  path: Assets/Prefabs/Transition Manager.prefab
  artifactKey: Guid(dbde04bc2228d934fb5f641f0c19607f) Importer(815301076,1909f56bfc062723c751e8b465ee728b)
Start importing Assets/Prefabs/Transition Manager.prefab using Guid(dbde04bc2228d934fb5f641f0c19607f) Importer(815301076,1909f56bfc062723c751e8b465ee728b)  -> (artifact id: 'e62c91b11eb1b4a1e1a44269a43cdbde') in 0.012192 seconds 
  Import took 0.015494 seconds .

========================================================================
Received Import Request.
  Time since last request: 0.000229 seconds.
  path: Assets/Prefabs/Bobber.prefab
  artifactKey: Guid(e981893bf62e5d24a9c18b78a5cd397b) Importer(815301076,1909f56bfc062723c751e8b465ee728b)
Start importing Assets/Prefabs/Bobber.prefab using Guid(e981893bf62e5d24a9c18b78a5cd397b) Importer(815301076,1909f56bfc062723c751e8b465ee728b)  -> (artifact id: '9c0966dbfea1c47797684eab71562218') in 0.014652 seconds 
  Import took 0.018433 seconds .

========================================================================
Received Import Request.
  Time since last request: 0.000172 seconds.
  path: Assets/Prefabs/Minigame.prefab
  artifactKey: Guid(3ff6b8ca192a92c41ad9d00d07d68306) Importer(815301076,1909f56bfc062723c751e8b465ee728b)
Start importing Assets/Prefabs/Minigame.prefab using Guid(3ff6b8ca192a92c41ad9d00d07d68306) Importer(815301076,1909f56bfc062723c751e8b465ee728b)  -> (artifact id: 'b9c20530d416dc7c17b552c16ba1d148') in 0.017226 seconds 
  Import took 0.020540 seconds .

========================================================================
Received Import Request.
  Time since last request: 0.000163 seconds.
  path: Assets/Prefabs/Bow Charge.prefab
  artifactKey: Guid(a5106dc226467ef4d980fb929aff18eb) Importer(815301076,1909f56bfc062723c751e8b465ee728b)
Start importing Assets/Prefabs/Bow Charge.prefab using Guid(a5106dc226467ef4d980fb929aff18eb) Importer(815301076,1909f56bfc062723c751e8b465ee728b)  -> (artifact id: '8eb134c2dafafdce4f28fdcda95522e1') in 0.013591 seconds 
  Import took 0.016841 seconds .

========================================================================
Received Import Request.
  Time since last request: 0.000203 seconds.
  path: Assets/Prefabs/NoWater.prefab
  artifactKey: Guid(b2bd7b0da72828c4ca5a099017b7f6e7) Importer(815301076,1909f56bfc062723c751e8b465ee728b)
Start importing Assets/Prefabs/NoWater.prefab using Guid(b2bd7b0da72828c4ca5a099017b7f6e7) Importer(815301076,1909f56bfc062723c751e8b465ee728b)  -> (artifact id: '292cf85f68e1a03507ac95184132950b') in 0.014742 seconds 
  Import took 0.018161 seconds .

AssetImportWorkerClient::OnTransportError - code=2 error=End of file
